48 unique routes found.
0:  14051
[(13, 1), (12, 1), (11, 1), (10, 1), (9, 1), (9, 2), (9, 3), (8, 3), (7, 3), (7, 2), (7, 1), (6, 1), (5, 1), (4, 1), (3, 1), (2, 1), (1, 1), (1, 2), (1, 3), (2, 3), (3, 3), (3, 4), (3, 5), (4, 5), (5, 5), (5, 6), (5, 7), (5, 8), (5, 9), (6, 9), (7, 9), (7, 10), (7, 11), (8, 11), (9, 11), (10, 11), (11, 11), (12, 11), (13, 11), (13, 12), (13, 13), (12, 13), (11, 13), (10, 13), (9, 13), (8, 13), (7, 13), (6, 13), (5, 13), (4, 13), (3, 13), (2, 13), (1, 13)]
1:  13039
[(13, 1), (12, 1), (11, 1), (10, 1), (9, 1), (9, 2), (9, 3), (8, 3), (7, 3), (7, 2), (7, 1), (6, 1), (5, 1), (4, 1), (3, 1), (2, 1), (1, 1), (1, 2), (1, 3), (2, 3), (3, 3), (3, 4), (3, 5), (4, 5), (5, 5), (5, 6), (5, 7), (5, 8), (5, 9), (5, 10), (5, 11), (4, 11), (3, 11), (3, 10), (3, 9), (2, 9), (1, 9), (1, 10), (1, 11), (1, 12), (1, 13)]
2:  12047
[(13, 1), (12, 1), (11, 1), (10, 1), (9, 1), (9, 2), (9, 3), (8, 3), (7, 3), (7, 2), (7, 1), (6, 1), (5, 1), (4, 1), (3, 1), (3, 2), (3, 3), (3, 4), (3, 5), (4, 5), (5, 5), (5, 6), (5, 7), (5, 8), (5, 9), (6, 9), (7, 9), (7, 10), (7, 11), (8, 11), (9, 11), (10, 11), (11, 11), (12, 11), (13, 11), (13, 12), (13, 13), (12, 13), (11, 13), (10, 13), (9, 13), (8, 13), (7, 13), (6, 13), (5, 13), (4, 13), (3, 13), (2, 13), (1, 13)]
3:  11035
[(13, 1), (12, 1), (11, 1), (10, 1), (9, 1), (9, 2), (9, 3), (8, 3), (7, 3), (7, 2), (7, 1), (6, 1), (5, 1), (4, 1), (3, 1), (3, 2), (3, 3), (3, 4), (3, 5), (4, 5), (5, 5), (5, 6), (5, 7), (5, 8), (5, 9), (5, 10), (5, 11), (4, 11), (3, 11), (3, 10), (3, 9), (2, 9), (1, 9), (1, 10), (1, 11), (1, 12), (1, 13)]
4:  9027
[(13, 1), (12, 1), (11, 1), (10, 1), (9, 1), (9, 2), (9, 3), (8, 3), (7, 3), (7, 4), (7, 5), (7, 6), (7, 7), (7, 8), (7, 9), (6, 9), (5, 9), (5, 10), (5, 11), (4, 11), (3, 11), (3, 10), (3, 9), (2, 9), (1, 9), (1, 10), (1, 11), (1, 12), (1, 13)]
5:  6035
[(13, 1), (12, 1), (11, 1), (10, 1), (9, 1), (9, 2), (9, 3), (8, 3), (7, 3), (7, 4), (7, 5), (7, 6), (7, 7), (7, 8), (7, 9), (7, 10), (7, 11), (8, 11), (9, 11), (10, 11), (11, 11), (12, 11), (13, 11), (13, 12), (13, 13), (12, 13), (11, 13), (10, 13), (9, 13), (8, 13), (7, 13), (6, 13), (5, 13), (4, 13), (3, 13), (2, 13), (1, 13)]
6:  16059
[(13, 1), (12, 1), (11, 1), (10, 1), (9, 1), (9, 2), (9, 3), (10, 3), (11, 3), (11, 4), (11, 5), (10, 5), (9, 5), (8, 5), (7, 5), (7, 4), (7, 3), (7, 2), (7, 1), (6, 1), (5, 1), (4, 1), (3, 1), (2, 1), (1, 1), (1, 2), (1, 3), (2, 3), (3, 3), (3, 4), (3, 5), (4, 5), (5, 5), (5, 6), (5, 7), (5, 8), (5, 9), (6, 9), (7, 9), (7, 10), (7, 11), (8, 11), (9, 11), (10, 11), (11, 11), (12, 11), (13, 11), (13, 12), (13, 13), (12, 13), (11, 13), (10, 13), (9, 13), (8, 13), (7, 13), (6, 13), (5, 13), (4, 13), (3, 13), (2, 13), (1, 13)]
7:  15047
[(13, 1), (12, 1), (11, 1), (10, 1), (9, 1), (9, 2), (9, 3), (10, 3), (11, 3), (11, 4), (11, 5), (10, 5), (9, 5), (8, 5), (7, 5), (7, 4), (7, 3), (7, 2), (7, 1), (6, 1), (5, 1), (4, 1), (3, 1), (2, 1), (1, 1), (1, 2), (1, 3), (2, 3), (3, 3), (3, 4), (3, 5), (4, 5), (5, 5), (5, 6), (5, 7), (5, 8), (5, 9), (5, 10), (5, 11), (4, 11), (3, 11), (3, 10), (3, 9), (2, 9), (1, 9), (1, 10), (1, 11), (1, 12), (1, 13)]
8:  14055
[(13, 1), (12, 1), (11, 1), (10, 1), (9, 1), (9, 2), (9, 3), (10, 3), (11, 3), (11, 4), (11, 5), (10, 5), (9, 5), (8, 5), (7, 5), (7, 4), (7, 3), (7, 2), (7, 1), (6, 1), (5, 1), (4, 1), (3, 1), (3, 2), (3, 3), (3, 4), (3, 5), (4, 5), (5, 5), (5, 6), (5, 7), (5, 8), (5, 9), (6, 9), (7, 9), (7, 10), (7, 11), (8, 11), (9, 11), (10, 11), (11, 11), (12, 11), (13, 11), (13, 12), (13, 13), (12, 13), (11, 13), (10, 13), (9, 13), (8, 13), (7, 13), (6, 13), (5, 13), (4, 13), (3, 13), (2, 13), (1, 13)]
9:  13043
[(13, 1), (12, 1), (11, 1), (10, 1), (9, 1), (9, 2), (9, 3), (10, 3), (11, 3), (11, 4), (11, 5), (10, 5), (9, 5), (8, 5), (7, 5), (7, 4), (7, 3), (7, 2), (7, 1), (6, 1), (5, 1), (4, 1), (3, 1), (3, 2), (3, 3), (3, 4), (3, 5), (4, 5), (5, 5), (5, 6), (5, 7), (5, 8), (5, 9), (5, 10), (5, 11), (4, 11), (3, 11), (3, 10), (3, 9), (2, 9), (1, 9), (1, 10), (1, 11), (1, 12), (1, 13)]
10:  11031
[(13, 1), (12, 1), (11, 1), (10, 1), (9, 1), (9, 2), (9, 3), (10, 3), (11, 3), (11, 4), (11, 5), (10, 5), (9, 5), (8, 5), (7, 5), (7, 6), (7, 7), (7, 8), (7, 9), (6, 9), (5, 9), (5, 10), (5, 11), (4, 11), (3, 11), (3, 10), (3, 9), (2, 9), (1, 9), (1, 10), (1, 11), (1, 12), (1, 13)]
11:  8039
[(13, 1), (12, 1), (11, 1), (10, 1), (9, 1), (9, 2), (9, 3), (10, 3), (11, 3), (11, 4), (11, 5), (10, 5), (9, 5), (8, 5), (7, 5), (7, 6), (7, 7), (7, 8), (7, 9), (7, 10), (7, 11), (8, 11), (9, 11), (10, 11), (11, 11), (12, 11), (13, 11), (13, 12), (13, 13), (12, 13), (11, 13), (10, 13), (9, 13), (8, 13), (7, 13), (6, 13), (5, 13), (4, 13), (3, 13), (2, 13), (1, 13)]
12:  22071
[(13, 1), (12, 1), (11, 1), (10, 1), (9, 1), (9, 2), (9, 3), (10, 3), (11, 3), (11, 4), (11, 5), (12, 5), (13, 5), (13, 6), (13, 7), (12, 7), (11, 7), (11, 8), (11, 9), (10, 9), (9, 9), (9, 8), (9, 7), (9, 6), (9, 5), (8, 5), (7, 5), (7, 4), (7, 3), (7, 2), (7, 1), (6, 1), (5, 1), (4, 1), (3, 1), (2, 1), (1, 1), (1, 2), (1, 3), (2, 3), (3, 3), (3, 4), (3, 5), (4, 5), (5, 5), (5, 6), (5, 7), (5, 8), (5, 9), (6, 9), (7, 9), (7, 10), (7, 11), (8, 11), (9, 11), (10, 11), (11, 11), (12, 11), (13, 11), (13, 12), (13, 13), (12, 13), (11, 13), (10, 13), (9, 13), (8, 13), (7, 13), (6, 13), (5, 13), (4, 13), (3, 13), (2, 13), (1, 13)]
13:  21059
[(13, 1), (12, 1), (11, 1), (10, 1), (9, 1), (9, 2), (9, 3), (10, 3), (11, 3), (11, 4), (11, 5), (12, 5), (13, 5), (13, 6), (13, 7), (12, 7), (11, 7), (11, 8), (11, 9), (10, 9), (9, 9), (9, 8), (9, 7), (9, 6), (9, 5), (8, 5), (7, 5), (7, 4), (7, 3), (7, 2), (7, 1), (6, 1), (5, 1), (4, 1), (3, 1), (2, 1), (1, 1), (1, 2), (1, 3), (2, 3), (3, 3), (3, 4), (3, 5), (4, 5), (5, 5), (5, 6), (5, 7), (5, 8), (5, 9), (5, 10), (5, 11), (4, 11), (3, 11), (3, 10), (3, 9), (2, 9), (1, 9), (1, 10), (1, 11), (1, 12), (1, 13)]
14:  20067
[(13, 1), (12, 1), (11, 1), (10, 1), (9, 1), (9, 2), (9, 3), (10, 3), (11, 3), (11, 4), (11, 5), (12, 5), (13, 5), (13, 6), (13, 7), (12, 7), (11, 7), (11, 8), (11, 9), (10, 9), (9, 9), (9, 8), (9, 7), (9, 6), (9, 5), (8, 5), (7, 5), (7, 4), (7, 3), (7, 2), (7, 1), (6, 1), (5, 1), (4, 1), (3, 1), (3, 2), (3, 3), (3, 4), (3, 5), (4, 5), (5, 5), (5, 6), (5, 7), (5, 8), (5, 9), (6, 9), (7, 9), (7, 10), (7, 11), (8, 11), (9, 11), (10, 11), (11, 11), (12, 11), (13, 11), (13, 12), (13, 13), (12, 13), (11, 13), (10, 13), (9, 13), (8, 13), (7, 13), (6, 13), (5, 13), (4, 13), (3, 13), (2, 13), (1, 13)]
15:  19055
[(13, 1), (12, 1), (11, 1), (10, 1), (9, 1), (9, 2), (9, 3), (10, 3), (11, 3), (11, 4), (11, 5), (12, 5), (13, 5), (13, 6), (13, 7), (12, 7), (11, 7), (11, 8), (11, 9), (10, 9), (9, 9), (9, 8), (9, 7), (9, 6), (9, 5), (8, 5), (7, 5), (7, 4), (7, 3), (7, 2), (7, 1), (6, 1), (5, 1), (4, 1), (3, 1), (3, 2), (3, 3), (3, 4), (3, 5), (4, 5), (5, 5), (5, 6), (5, 7), (5, 8), (5, 9), (5, 10), (5, 11), (4, 11), (3, 11), (3, 10), (3, 9), (2, 9), (1, 9), (1, 10), (1, 11), (1, 12), (1, 13)]
16:  17043
[(13, 1), (12, 1), (11, 1), (10, 1), (9, 1), (9, 2), (9, 3), (10, 3), (11, 3), (11, 4), (11, 5), (12, 5), (13, 5), (13, 6), (13, 7), (12, 7), (11, 7), (11, 8), (11, 9), (10, 9), (9, 9), (9, 8), (9, 7), (9, 6), (9, 5), (8, 5), (7, 5), (7, 6), (7, 7), (7, 8), (7, 9), (6, 9), (5, 9), (5, 10), (5, 11), (4, 11), (3, 11), (3, 10), (3, 9), (2, 9), (1, 9), (1, 10), (1, 11), (1, 12), (1, 13)]
17:  14051
[(13, 1), (12, 1), (11, 1), (10, 1), (9, 1), (9, 2), (9, 3), (10, 3), (11, 3), (11, 4), (11, 5), (12, 5), (13, 5), (13, 6), (13, 7), (12, 7), (11, 7), (11, 8), (11, 9), (10, 9), (9, 9), (9, 8), (9, 7), (9, 6), (9, 5), (8, 5), (7, 5), (7, 6), (7, 7), (7, 8), (7, 9), (7, 10), (7, 11), (8, 11), (9, 11), (10, 11), (11, 11), (12, 11), (13, 11), (13, 12), (13, 13), (12, 13), (11, 13), (10, 13), (9, 13), (8, 13), (7, 13), (6, 13), (5, 13), (4, 13), (3, 13), (2, 13), (1, 13)]
18:  20071
[(13, 1), (12, 1), (11, 1), (10, 1), (9, 1), (9, 2), (9, 3), (10, 3), (11, 3), (11, 4), (11, 5), (12, 5), (13, 5), (13, 6), (13, 7), (13, 8), (13, 9), (12, 9), (11, 9), (10, 9), (9, 9), (9, 8), (9, 7), (9, 6), (9, 5), (8, 5), (7, 5), (7, 4), (7, 3), (7, 2), (7, 1), (6, 1), (5, 1), (4, 1), (3, 1), (2, 1), (1, 1), (1, 2), (1, 3), (2, 3), (3, 3), (3, 4), (3, 5), (4, 5), (5, 5), (5, 6), (5, 7), (5, 8), (5, 9), (6, 9), (7, 9), (7, 10), (7, 11), (8, 11), (9, 11), (10, 11), (11, 11), (12, 11), (13, 11), (13, 12), (13, 13), (12, 13), (11, 13), (10, 13), (9, 13), (8, 13), (7, 13), (6, 13), (5, 13), (4, 13), (3, 13), (2, 13), (1, 13)]
19:  19059
[(13, 1), (12, 1), (11, 1), (10, 1), (9, 1), (9, 2), (9, 3), (10, 3), (11, 3), (11, 4), (11, 5), (12, 5), (13, 5), (13, 6), (13, 7), (13, 8), (13, 9), (12, 9), (11, 9), (10, 9), (9, 9), (9, 8), (9, 7), (9, 6), (9, 5), (8, 5), (7, 5), (7, 4), (7, 3), (7, 2), (7, 1), (6, 1), (5, 1), (4, 1), (3, 1), (2, 1), (1, 1), (1, 2), (1, 3), (2, 3), (3, 3), (3, 4), (3, 5), (4, 5), (5, 5), (5, 6), (5, 7), (5, 8), (5, 9), (5, 10), (5, 11), (4, 11), (3, 11), (3, 10), (3, 9), (2, 9), (1, 9), (1, 10), (1, 11), (1, 12), (1, 13)]
20:  18067
[(13, 1), (12, 1), (11, 1), (10, 1), (9, 1), (9, 2), (9, 3), (10, 3), (11, 3), (11, 4), (11, 5), (12, 5), (13, 5), (13, 6), (13, 7), (13, 8), (13, 9), (12, 9), (11, 9), (10, 9), (9, 9), (9, 8), (9, 7), (9, 6), (9, 5), (8, 5), (7, 5), (7, 4), (7, 3), (7, 2), (7, 1), (6, 1), (5, 1), (4, 1), (3, 1), (3, 2), (3, 3), (3, 4), (3, 5), (4, 5), (5, 5), (5, 6), (5, 7), (5, 8), (5, 9), (6, 9), (7, 9), (7, 10), (7, 11), (8, 11), (9, 11), (10, 11), (11, 11), (12, 11), (13, 11), (13, 12), (13, 13), (12, 13), (11, 13), (10, 13), (9, 13), (8, 13), (7, 13), (6, 13), (5, 13), (4, 13), (3, 13), (2, 13), (1, 13)]
21:  17055
[(13, 1), (12, 1), (11, 1), (10, 1), (9, 1), (9, 2), (9, 3), (10, 3), (11, 3), (11, 4), (11, 5), (12, 5), (13, 5), (13, 6), (13, 7), (13, 8), (13, 9), (12, 9), (11, 9), (10, 9), (9, 9), (9, 8), (9, 7), (9, 6), (9, 5), (8, 5), (7, 5), (7, 4), (7, 3), (7, 2), (7, 1), (6, 1), (5, 1), (4, 1), (3, 1), (3, 2), (3, 3), (3, 4), (3, 5), (4, 5), (5, 5), (5, 6), (5, 7), (5, 8), (5, 9), (5, 10), (5, 11), (4, 11), (3, 11), (3, 10), (3, 9), (2, 9), (1, 9), (1, 10), (1, 11), (1, 12), (1, 13)]
22:  15043
[(13, 1), (12, 1), (11, 1), (10, 1), (9, 1), (9, 2), (9, 3), (10, 3), (11, 3), (11, 4), (11, 5), (12, 5), (13, 5), (13, 6), (13, 7), (13, 8), (13, 9), (12, 9), (11, 9), (10, 9), (9, 9), (9, 8), (9, 7), (9, 6), (9, 5), (8, 5), (7, 5), (7, 6), (7, 7), (7, 8), (7, 9), (6, 9), (5, 9), (5, 10), (5, 11), (4, 11), (3, 11), (3, 10), (3, 9), (2, 9), (1, 9), (1, 10), (1, 11), (1, 12), (1, 13)]
23:  12051
[(13, 1), (12, 1), (11, 1), (10, 1), (9, 1), (9, 2), (9, 3), (10, 3), (11, 3), (11, 4), (11, 5), (12, 5), (13, 5), (13, 6), (13, 7), (13, 8), (13, 9), (12, 9), (11, 9), (10, 9), (9, 9), (9, 8), (9, 7), (9, 6), (9, 5), (8, 5), (7, 5), (7, 6), (7, 7), (7, 8), (7, 9), (7, 10), (7, 11), (8, 11), (9, 11), (10, 11), (11, 11), (12, 11), (13, 11), (13, 12), (13, 13), (12, 13), (11, 13), (10, 13), (9, 13), (8, 13), (7, 13), (6, 13), (5, 13), (4, 13), (3, 13), (2, 13), (1, 13)]
24:  14051
[(13, 1), (12, 1), (11, 1), (11, 2), (11, 3), (10, 3), (9, 3), (8, 3), (7, 3), (7, 2), (7, 1), (6, 1), (5, 1), (4, 1), (3, 1), (2, 1), (1, 1), (1, 2), (1, 3), (2, 3), (3, 3), (3, 4), (3, 5), (4, 5), (5, 5), (5, 6), (5, 7), (5, 8), (5, 9), (6, 9), (7, 9), (7, 10), (7, 11), (8, 11), (9, 11), (10, 11), (11, 11), (12, 11), (13, 11), (13, 12), (13, 13), (12, 13), (11, 13), (10, 13), (9, 13), (8, 13), (7, 13), (6, 13), (5, 13), (4, 13), (3, 13), (2, 13), (1, 13)]
25:  13039
[(13, 1), (12, 1), (11, 1), (11, 2), (11, 3), (10, 3), (9, 3), (8, 3), (7, 3), (7, 2), (7, 1), (6, 1), (5, 1), (4, 1), (3, 1), (2, 1), (1, 1), (1, 2), (1, 3), (2, 3), (3, 3), (3, 4), (3, 5), (4, 5), (5, 5), (5, 6), (5, 7), (5, 8), (5, 9), (5, 10), (5, 11), (4, 11), (3, 11), (3, 10), (3, 9), (2, 9), (1, 9), (1, 10), (1, 11), (1, 12), (1, 13)]
26:  12047
[(13, 1), (12, 1), (11, 1), (11, 2), (11, 3), (10, 3), (9, 3), (8, 3), (7, 3), (7, 2), (7, 1), (6, 1), (5, 1), (4, 1), (3, 1), (3, 2), (3, 3), (3, 4), (3, 5), (4, 5), (5, 5), (5, 6), (5, 7), (5, 8), (5, 9), (6, 9), (7, 9), (7, 10), (7, 11), (8, 11), (9, 11), (10, 11), (11, 11), (12, 11), (13, 11), (13, 12), (13, 13), (12, 13), (11, 13), (10, 13), (9, 13), (8, 13), (7, 13), (6, 13), (5, 13), (4, 13), (3, 13), (2, 13), (1, 13)]
27:  11035
[(13, 1), (12, 1), (11, 1), (11, 2), (11, 3), (10, 3), (9, 3), (8, 3), (7, 3), (7, 2), (7, 1), (6, 1), (5, 1), (4, 1), (3, 1), (3, 2), (3, 3), (3, 4), (3, 5), (4, 5), (5, 5), (5, 6), (5, 7), (5, 8), (5, 9), (5, 10), (5, 11), (4, 11), (3, 11), (3, 10), (3, 9), (2, 9), (1, 9), (1, 10), (1, 11), (1, 12), (1, 13)]
28:  9027
[(13, 1), (12, 1), (11, 1), (11, 2), (11, 3), (10, 3), (9, 3), (8, 3), (7, 3), (7, 4), (7, 5), (7, 6), (7, 7), (7, 8), (7, 9), (6, 9), (5, 9), (5, 10), (5, 11), (4, 11), (3, 11), (3, 10), (3, 9), (2, 9), (1, 9), (1, 10), (1, 11), (1, 12), (1, 13)]
29:  6035
[(13, 1), (12, 1), (11, 1), (11, 2), (11, 3), (10, 3), (9, 3), (8, 3), (7, 3), (7, 4), (7, 5), (7, 6), (7, 7), (7, 8), (7, 9), (7, 10), (7, 11), (8, 11), (9, 11), (10, 11), (11, 11), (12, 11), (13, 11), (13, 12), (13, 13), (12, 13), (11, 13), (10, 13), (9, 13), (8, 13), (7, 13), (6, 13), (5, 13), (4, 13), (3, 13), (2, 13), (1, 13)]
30:  14055
[(13, 1), (12, 1), (11, 1), (11, 2), (11, 3), (11, 4), (11, 5), (10, 5), (9, 5), (8, 5), (7, 5), (7, 4), (7, 3), (7, 2), (7, 1), (6, 1), (5, 1), (4, 1), (3, 1), (2, 1), (1, 1), (1, 2), (1, 3), (2, 3), (3, 3), (3, 4), (3, 5), (4, 5), (5, 5), (5, 6), (5, 7), (5, 8), (5, 9), (6, 9), (7, 9), (7, 10), (7, 11), (8, 11), (9, 11), (10, 11), (11, 11), (12, 11), (13, 11), (13, 12), (13, 13), (12, 13), (11, 13), (10, 13), (9, 13), (8, 13), (7, 13), (6, 13), (5, 13), (4, 13), (3, 13), (2, 13), (1, 13)]
31:  13043
[(13, 1), (12, 1), (11, 1), (11, 2), (11, 3), (11, 4), (11, 5), (10, 5), (9, 5), (8, 5), (7, 5), (7, 4), (7, 3), (7, 2), (7, 1), (6, 1), (5, 1), (4, 1), (3, 1), (2, 1), (1, 1), (1, 2), (1, 3), (2, 3), (3, 3), (3, 4), (3, 5), (4, 5), (5, 5), (5, 6), (5, 7), (5, 8), (5, 9), (5, 10), (5, 11), (4, 11), (3, 11), (3, 10), (3, 9), (2, 9), (1, 9), (1, 10), (1, 11), (1, 12), (1, 13)]
32:  12051
[(13, 1), (12, 1), (11, 1), (11, 2), (11, 3), (11, 4), (11, 5), (10, 5), (9, 5), (8, 5), (7, 5), (7, 4), (7, 3), (7, 2), (7, 1), (6, 1), (5, 1), (4, 1), (3, 1), (3, 2), (3, 3), (3, 4), (3, 5), (4, 5), (5, 5), (5, 6), (5, 7), (5, 8), (5, 9), (6, 9), (7, 9), (7, 10), (7, 11), (8, 11), (9, 11), (10, 11), (11, 11), (12, 11), (13, 11), (13, 12), (13, 13), (12, 13), (11, 13), (10, 13), (9, 13), (8, 13), (7, 13), (6, 13), (5, 13), (4, 13), (3, 13), (2, 13), (1, 13)]
33:  11039
[(13, 1), (12, 1), (11, 1), (11, 2), (11, 3), (11, 4), (11, 5), (10, 5), (9, 5), (8, 5), (7, 5), (7, 4), (7, 3), (7, 2), (7, 1), (6, 1), (5, 1), (4, 1), (3, 1), (3, 2), (3, 3), (3, 4), (3, 5), (4, 5), (5, 5), (5, 6), (5, 7), (5, 8), (5, 9), (5, 10), (5, 11), (4, 11), (3, 11), (3, 10), (3, 9), (2, 9), (1, 9), (1, 10), (1, 11), (1, 12), (1, 13)]
34:  9027
[(13, 1), (12, 1), (11, 1), (11, 2), (11, 3), (11, 4), (11, 5), (10, 5), (9, 5), (8, 5), (7, 5), (7, 6), (7, 7), (7, 8), (7, 9), (6, 9), (5, 9), (5, 10), (5, 11), (4, 11), (3, 11), (3, 10), (3, 9), (2, 9), (1, 9), (1, 10), (1, 11), (1, 12), (1, 13)]
35:  6035
[(13, 1), (12, 1), (11, 1), (11, 2), (11, 3), (11, 4), (11, 5), (10, 5), (9, 5), (8, 5), (7, 5), (7, 6), (7, 7), (7, 8), (7, 9), (7, 10), (7, 11), (8, 11), (9, 11), (10, 11), (11, 11), (12, 11), (13, 11), (13, 12), (13, 13), (12, 13), (11, 13), (10, 13), (9, 13), (8, 13), (7, 13), (6, 13), (5, 13), (4, 13), (3, 13), (2, 13), (1, 13)]
36:  20067
[(13, 1), (12, 1), (11, 1), (11, 2), (11, 3), (11, 4), (11, 5), (12, 5), (13, 5), (13, 6), (13, 7), (12, 7), (11, 7), (11, 8), (11, 9), (10, 9), (9, 9), (9, 8), (9, 7), (9, 6), (9, 5), (8, 5), (7, 5), (7, 4), (7, 3), (7, 2), (7, 1), (6, 1), (5, 1), (4, 1), (3, 1), (2, 1), (1, 1), (1, 2), (1, 3), (2, 3), (3, 3), (3, 4), (3, 5), (4, 5), (5, 5), (5, 6), (5, 7), (5, 8), (5, 9), (6, 9), (7, 9), (7, 10), (7, 11), (8, 11), (9, 11), (10, 11), (11, 11), (12, 11), (13, 11), (13, 12), (13, 13), (12, 13), (11, 13), (10, 13), (9, 13), (8, 13), (7, 13), (6, 13), (5, 13), (4, 13), (3, 13), (2, 13), (1, 13)]
37:  19055
[(13, 1), (12, 1), (11, 1), (11, 2), (11, 3), (11, 4), (11, 5), (12, 5), (13, 5), (13, 6), (13, 7), (12, 7), (11, 7), (11, 8), (11, 9), (10, 9), (9, 9), (9, 8), (9, 7), (9, 6), (9, 5), (8, 5), (7, 5), (7, 4), (7, 3), (7, 2), (7, 1), (6, 1), (5, 1), (4, 1), (3, 1), (2, 1), (1, 1), (1, 2), (1, 3), (2, 3), (3, 3), (3, 4), (3, 5), (4, 5), (5, 5), (5, 6), (5, 7), (5, 8), (5, 9), (5, 10), (5, 11), (4, 11), (3, 11), (3, 10), (3, 9), (2, 9), (1, 9), (1, 10), (1, 11), (1, 12), (1, 13)]
38:  18063
[(13, 1), (12, 1), (11, 1), (11, 2), (11, 3), (11, 4), (11, 5), (12, 5), (13, 5), (13, 6), (13, 7), (12, 7), (11, 7), (11, 8), (11, 9), (10, 9), (9, 9), (9, 8), (9, 7), (9, 6), (9, 5), (8, 5), (7, 5), (7, 4), (7, 3), (7, 2), (7, 1), (6, 1), (5, 1), (4, 1), (3, 1), (3, 2), (3, 3), (3, 4), (3, 5), (4, 5), (5, 5), (5, 6), (5, 7), (5, 8), (5, 9), (6, 9), (7, 9), (7, 10), (7, 11), (8, 11), (9, 11), (10, 11), (11, 11), (12, 11), (13, 11), (13, 12), (13, 13), (12, 13), (11, 13), (10, 13), (9, 13), (8, 13), (7, 13), (6, 13), (5, 13), (4, 13), (3, 13), (2, 13), (1, 13)]
39:  17051
[(13, 1), (12, 1), (11, 1), (11, 2), (11, 3), (11, 4), (11, 5), (12, 5), (13, 5), (13, 6), (13, 7), (12, 7), (11, 7), (11, 8), (11, 9), (10, 9), (9, 9), (9, 8), (9, 7), (9, 6), (9, 5), (8, 5), (7, 5), (7, 4), (7, 3), (7, 2), (7, 1), (6, 1), (5, 1), (4, 1), (3, 1), (3, 2), (3, 3), (3, 4), (3, 5), (4, 5), (5, 5), (5, 6), (5, 7), (5, 8), (5, 9), (5, 10), (5, 11), (4, 11), (3, 11), (3, 10), (3, 9), (2, 9), (1, 9), (1, 10), (1, 11), (1, 12), (1, 13)]
40:  15039
[(13, 1), (12, 1), (11, 1), (11, 2), (11, 3), (11, 4), (11, 5), (12, 5), (13, 5), (13, 6), (13, 7), (12, 7), (11, 7), (11, 8), (11, 9), (10, 9), (9, 9), (9, 8), (9, 7), (9, 6), (9, 5), (8, 5), (7, 5), (7, 6), (7, 7), (7, 8), (7, 9), (6, 9), (5, 9), (5, 10), (5, 11), (4, 11), (3, 11), (3, 10), (3, 9), (2, 9), (1, 9), (1, 10), (1, 11), (1, 12), (1, 13)]
41:  12047
[(13, 1), (12, 1), (11, 1), (11, 2), (11, 3), (11, 4), (11, 5), (12, 5), (13, 5), (13, 6), (13, 7), (12, 7), (11, 7), (11, 8), (11, 9), (10, 9), (9, 9), (9, 8), (9, 7), (9, 6), (9, 5), (8, 5), (7, 5), (7, 6), (7, 7), (7, 8), (7, 9), (7, 10), (7, 11), (8, 11), (9, 11), (10, 11), (11, 11), (12, 11), (13, 11), (13, 12), (13, 13), (12, 13), (11, 13), (10, 13), (9, 13), (8, 13), (7, 13), (6, 13), (5, 13), (4, 13), (3, 13), (2, 13), (1, 13)]
42:  18067
[(13, 1), (12, 1), (11, 1), (11, 2), (11, 3), (11, 4), (11, 5), (12, 5), (13, 5), (13, 6), (13, 7), (13, 8), (13, 9), (12, 9), (11, 9), (10, 9), (9, 9), (9, 8), (9, 7), (9, 6), (9, 5), (8, 5), (7, 5), (7, 4), (7, 3), (7, 2), (7, 1), (6, 1), (5, 1), (4, 1), (3, 1), (2, 1), (1, 1), (1, 2), (1, 3), (2, 3), (3, 3), (3, 4), (3, 5), (4, 5), (5, 5), (5, 6), (5, 7), (5, 8), (5, 9), (6, 9), (7, 9), (7, 10), (7, 11), (8, 11), (9, 11), (10, 11), (11, 11), (12, 11), (13, 11), (13, 12), (13, 13), (12, 13), (11, 13), (10, 13), (9, 13), (8, 13), (7, 13), (6, 13), (5, 13), (4, 13), (3, 13), (2, 13), (1, 13)]
43:  17055
[(13, 1), (12, 1), (11, 1), (11, 2), (11, 3), (11, 4), (11, 5), (12, 5), (13, 5), (13, 6), (13, 7), (13, 8), (13, 9), (12, 9), (11, 9), (10, 9), (9, 9), (9, 8), (9, 7), (9, 6), (9, 5), (8, 5), (7, 5), (7, 4), (7, 3), (7, 2), (7, 1), (6, 1), (5, 1), (4, 1), (3, 1), (2, 1), (1, 1), (1, 2), (1, 3), (2, 3), (3, 3), (3, 4), (3, 5), (4, 5), (5, 5), (5, 6), (5, 7), (5, 8), (5, 9), (5, 10), (5, 11), (4, 11), (3, 11), (3, 10), (3, 9), (2, 9), (1, 9), (1, 10), (1, 11), (1, 12), (1, 13)]
44:  16063
[(13, 1), (12, 1), (11, 1), (11, 2), (11, 3), (11, 4), (11, 5), (12, 5), (13, 5), (13, 6), (13, 7), (13, 8), (13, 9), (12, 9), (11, 9), (10, 9), (9, 9), (9, 8), (9, 7), (9, 6), (9, 5), (8, 5), (7, 5), (7, 4), (7, 3), (7, 2), (7, 1), (6, 1), (5, 1), (4, 1), (3, 1), (3, 2), (3, 3), (3, 4), (3, 5), (4, 5), (5, 5), (5, 6), (5, 7), (5, 8), (5, 9), (6, 9), (7, 9), (7, 10), (7, 11), (8, 11), (9, 11), (10, 11), (11, 11), (12, 11), (13, 11), (13, 12), (13, 13), (12, 13), (11, 13), (10, 13), (9, 13), (8, 13), (7, 13), (6, 13), (5, 13), (4, 13), (3, 13), (2, 13), (1, 13)]
45:  15051
[(13, 1), (12, 1), (11, 1), (11, 2), (11, 3), (11, 4), (11, 5), (12, 5), (13, 5), (13, 6), (13, 7), (13, 8), (13, 9), (12, 9), (11, 9), (10, 9), (9, 9), (9, 8), (9, 7), (9, 6), (9, 5), (8, 5), (7, 5), (7, 4), (7, 3), (7, 2), (7, 1), (6, 1), (5, 1), (4, 1), (3, 1), (3, 2), (3, 3), (3, 4), (3, 5), (4, 5), (5, 5), (5, 6), (5, 7), (5, 8), (5, 9), (5, 10), (5, 11), (4, 11), (3, 11), (3, 10), (3, 9), (2, 9), (1, 9), (1, 10), (1, 11), (1, 12), (1, 13)]
46:  13039
[(13, 1), (12, 1), (11, 1), (11, 2), (11, 3), (11, 4), (11, 5), (12, 5), (13, 5), (13, 6), (13, 7), (13, 8), (13, 9), (12, 9), (11, 9), (10, 9), (9, 9), (9, 8), (9, 7), (9, 6), (9, 5), (8, 5), (7, 5), (7, 6), (7, 7), (7, 8), (7, 9), (6, 9), (5, 9), (5, 10), (5, 11), (4, 11), (3, 11), (3, 10), (3, 9), (2, 9), (1, 9), (1, 10), (1, 11), (1, 12), (1, 13)]
47:  10047
[(13, 1), (12, 1), (11, 1), (11, 2), (11, 3), (11, 4), (11, 5), (12, 5), (13, 5), (13, 6), (13, 7), (13, 8), (13, 9), (12, 9), (11, 9), (10, 9), (9, 9), (9, 8), (9, 7), (9, 6), (9, 5), (8, 5), (7, 5), (7, 6), (7, 7), (7, 8), (7, 9), (7, 10), (7, 11), (8, 11), (9, 11), (10, 11), (11, 11), (12, 11), (13, 11), (13, 12), (13, 13), (12, 13), (11, 13), (10, 13), (9, 13), (8, 13), (7, 13), (6, 13), (5, 13), (4, 13), (3, 13), (2, 13), (1, 13)]
